commit 765becbc4503a31a4d0bf04f1728632c091b419b
Author: Clint Sharp <clint@taktak.io>
Date:   Fri Feb 2 12:20:54 2018 -0800

    Adding custom field

commit 53fd786e33b3db98acbaf5dc56d707c4e1e6e30f
Author: Ledion Bitincka <ledion@taktak.io>
Date:   Fri Feb 2 10:05:15 2018 -0800

    Adding REST optimizer

commit 028bb3da8c4dc67991d917a3933a742d4521b60e
Author: Clint Sharp <clint@taktak.io>
Date:   Sun Jan 7 23:50:25 2018 -0800

    adding dataset

commit c3c514265c3b260f0cd46b9bb71c9d715f64858e
Author: Clint Sharp <clint@taktak.io>
Date:   Sun Jan 7 23:47:41 2018 -0800

    Adding annotations

commit 1ee1813728841bb4c602de5552d9526fa9bb1ef7
Author: Clint Sharp <clint@taktak.io>
Date:   Sun Jan 7 15:11:17 2018 -0800

    fixing yaml one more time
